Module                  Size  Used by
ext4                 1155072  0
mbcache                16384  1 ext4
jbd2                  208896  1 ext4
af_packet              69632  8
intel_rapl_msr         20480  0
intel_rapl_common      53248  1 intel_rapl_msr
x86_pkg_temp_thermal    16384  0
intel_powerclamp       20480  0
coretemp               20480  0
kvm_intel             434176  0
kvm                  1368064  1 kvm_intel
irqbypass              12288  1 kvm
ofpart                 16384  0
crct10dif_pclmul       12288  1
cmdlinepart            16384  0
spi_nor               172032  0
crc32_pclmul           12288  0
polyval_clmulni        12288  0
snd_hda_codec_cirrus    24576  1
snd_hda_codec_generic   114688  1 snd_hda_codec_cirrus
snd_hda_codec_hdmi     98304  1
polyval_generic        12288  1 polyval_clmulni
mtd                   110592  4 spi_nor,cmdlinepart,ofpart
ghash_clmulni_intel    16384  0
sha512_ssse3           53248  0
snd_hda_intel          69632  0
snd_intel_dspcfg       40960  1 snd_hda_intel
sha256_ssse3           36864  0
snd_intel_sdw_acpi     16384  1 snd_intel_dspcfg
spi_intel_platform     12288  0
mei_hdcp               28672  0
btusb                  81920  0
spi_intel              36864  1 spi_intel_platform
sha1_ssse3             32768  0
snd_hda_codec         221184  4 snd_hda_codec_generic,snd_hda_codec_hdmi,snd_hda_intel,snd_hda_codec_cirrus
mei_pxp                20480  0
btrtl                  32768  1 btusb
joydev                 28672  0
xt_conntrack           12288  2
i915                 4595712  2
nf_conntrack          208896  1 xt_conntrack
nf_defrag_ipv6         24576  1 nf_conntrack
nf_defrag_ipv4         12288  1 nf_conntrack
aesni_intel           122880  0
btintel                69632  1 btusb
btbcm                  24576  1 btusb
xt_tcpudp              16384  3
snd_hda_core          143360  5 snd_hda_codec_generic,snd_hda_codec_hdmi,snd_hda_intel,snd_hda_codec,snd_hda_codec_cirrus
iTCO_wdt               16384  0
ip6t_rpfilter          12288  1
ipt_rpfilter           12288  1
btmtk                  36864  1 btusb
snd_hwdep              20480  1 snd_hda_codec
snd_pcm               188416  4 snd_hda_codec_hdmi,snd_hda_intel,snd_hda_codec,snd_hda_core
intel_pmc_bxt          16384  1 iTCO_wdt
gf128mul               16384  2 polyval_generic,aesni_intel
bluetooth            1089536  6 btrtl,btmtk,btintel,btbcm,btusb
watchdog               49152  1 iTCO_wdt
crypto_simd            16384  1 aesni_intel
cryptd                 28672  2 crypto_simd,ghash_clmulni_intel
xt_pkttype             12288  2
drm_buddy              28672  1 i915
snd_timer              53248  1 snd_pcm
input_leds             12288  0
nft_compat             24576  9
x_tables               53248  6 xt_conntrack,ip6t_rpfilter,nft_compat,xt_tcpudp,ipt_rpfilter,xt_pkttype
acpi_als               16384  1
applesmc               32768  0
ttm                   106496  1 i915
rapl                   20480  0
sch_fq_codel           20480  2
evdev                  28672  5
applespi               61440  0
ecdh_generic           16384  1 bluetooth
mousedev               24576  0
snd                   155648  7 snd_hda_codec_generic,snd_hda_codec_hdmi,snd_hwdep,snd_hda_intel,snd_hda_codec,snd_timer,snd_pcm
nf_tables             393216  101 nft_compat
drm_display_helper    294912  1 i915
libcrc32c              12288  2 nf_conntrack,nf_tables
crc32c_generic         12288  0
ecc                    49152  1 ecdh_generic
intel_cstate           20480  0
industrialio_triggered_buffer    12288  1 acpi_als
cec                    77824  2 drm_display_helper,i915
sbs                    20480  0
crc16                  12288  3 bluetooth,ext4,applespi
spi_pxa2xx_platform    12288  0
intel_gtt              28672  1 i915
kfifo_buf              12288  1 industrialio_triggered_buffer
i2c_algo_bit           24576  1 i915
soundcore              16384  1 snd
intel_uncore          270336  0
mac_hid                12288  0
industrialio          147456  3 industrialio_triggered_buffer,acpi_als,kfifo_buf
sbshc                  16384  1 sbs
bcm5974                28672  0
spi_pxa2xx_pci         16384  0
thunderbolt           581632  0
i2c_i801               45056  0
mei_me                 57344  2
dw_dmac_pci            12288  2
dw_dmac                12288  0
video                  81920  1 i915
i2c_smbus              20480  1 i2c_i801
apple_mfi_fastcharge    16384  0
wmi                    28672  1 video
i2c_mux                16384  1 i2c_i801
rtc_cmos               28672  1
tiny_power_button      12288  0
intel_pch_thermal      20480  0
mei                   204800  5 mei_hdcp,mei_pxp,mei_me
dw_dmac_core           40960  2 dw_dmac_pci,dw_dmac
spi_pxa2xx_core        36864  2 spi_pxa2xx_pci,spi_pxa2xx_platform
lpc_ich                28672  0
ac                     16384  0
button                 28672  0
zfs                  6602752  6
spl                   155648  1 zfs
wl                   6520832  0
cfg80211             1413120  1 wl
rfkill                 40960  4 bluetooth,cfg80211
atkbd                  40960  0
libps2                 20480  1 atkbd
serio                  28672  1 atkbd
vivaldi_fmap           12288  1 atkbd
fuse                  229376  1
efi_pstore             12288  0
configfs               69632  1
nfnetlink              20480  3 nft_compat,nf_tables
efivarfs               32768  1
dmi_sysfs              28672  0
autofs4                65536  0
squashfs              106496  1
isofs                  65536  1
cdrom                  81920  1 isofs
sd_mod                 86016  1
hid_apple              28672  0
led_class              20480  5 snd_hda_codec_generic,input_leds,hid_apple,applesmc,applespi
hid_generic            12288  0
usbhid                 90112  0
hid                   274432  3 usbhid,hid_apple,hid_generic
uas                    36864  0
usb_storage            94208  2 uas
scsi_mod              339968  3 sd_mod,usb_storage,uas
scsi_common            16384  4 scsi_mod,sd_mod,usb_storage,uas
crc32c_intel           16384  1
nvme                   69632  0
xhci_pci               24576  0
nvme_core             249856  1 nvme
xhci_hcd              401408  1 xhci_pci
nvme_auth              24576  1 nvme_core
vfat                   24576  0
fat                   110592  1 vfat
overlay               245760  1
nls_iso8859_1          12288  0
nls_cp437              16384  0
loop                   45056  2
dm_snapshot            73728  0
dm_bufio               57344  1 dm_snapshot
dm_mod                225280  2 dm_snapshot,dm_bufio
dax                    53248  1 dm_mod
